0 info it worked if it ends with ok
1 verbose cli [ '/Users/kelvin/.nvm/versions/node/v6.9.0/bin/node',
1 verbose cli   '/Users/kelvin/.nvm/versions/node/v6.9.0/bin/npm',
1 verbose cli   'start' ]
2 info using npm@3.10.8
3 info using node@v6.9.0
4 verbose run-script [ 'prestart', 'start', 'poststart' ]
5 info lifecycle portfolio-and-online-resume@0.0.1~prestart: portfolio-and-online-resume@0.0.1
6 silly lifecycle portfolio-and-online-resume@0.0.1~prestart: no script for prestart, continuing
7 info lifecycle portfolio-and-online-resume@0.0.1~start: portfolio-and-online-resume@0.0.1
8 verbose lifecycle portfolio-and-online-resume@0.0.1~start: unsafe-perm in lifecycle true
9 verbose lifecycle portfolio-and-online-resume@0.0.1~start: PATH: /Users/kelvin/.nvm/versions/node/v6.9.0/lib/node_modules/npm/bin/node-gyp-bin:/Users/kelvin/Dropbox/Projects/Portfolio and online resume/startbootstrap-freelancer-gh-pages/node_modules/.bin:/opt/local/bin:/opt/local/sbin:/Users/kelvin/Go//bin:/Users/kelvin/.nvm/versions/node/v6.9.0/bin::/Users/kelvin/jboss/bin:/Users/kelvin/maven/bin:/opt/local/bin:/opt/local/sbin:/Users/kelvin/Go//bin::/Users/kelvin/jboss/bin:/Users/kelvin/maven/bin:/Users/kelvin/.rvm/gems/ruby-2.3.0/bin:/Users/kelvin/.rvm/gems/ruby-2.3.0@global/bin:/Users/kelvin/.rvm/rubies/ruby-2.3.0/bin:/usr/local/bin:/usr/bin:/bin:/usr/sbin:/sbin:/opt/X11/bin:/usr/local/go/bin:/Library/TeX/texbin:/Users/kelvin/.rvm/bin:/Users/kelvin/Library/Android/sdk//tools:/Users/kelvin/Library/Android/sdk//platform-tools:/Users/kelvin/Library/Android/sdk//tools:/Users/kelvin/Library/Android/sdk//platform-tools:/Users/kelvin/Library/Android/sdk//tools:/Users/kelvin/Library/Android/sdk//emulator:/Users/kelvin/Library/Android/sdk//tools:/Users/kelvin/Library/Android/sdk//tools:/Users/kelvin/.rvm/bin:/Users/kelvin/Library/Android/sdk//tools:/Users/kelvin/Library/Android/sdk//platform-tools:/Users/kelvin/Library/Android/sdk//tools:/Users/kelvin/Library/Android/sdk//platform-tools:/Users/kelvin/Library/Android/sdk//tools:/Users/kelvin/Library/Android/sdk//emulator
10 verbose lifecycle portfolio-and-online-resume@0.0.1~start: CWD: /Users/kelvin/Dropbox/Projects/Portfolio and online resume/startbootstrap-freelancer-gh-pages
11 silly lifecycle portfolio-and-online-resume@0.0.1~start: Args: [ '-c', 'node ./bin/www' ]
12 silly lifecycle portfolio-and-online-resume@0.0.1~start: Returned: code: 1  signal: null
13 info lifecycle portfolio-and-online-resume@0.0.1~start: Failed to exec start script
14 verbose stack Error: portfolio-and-online-resume@0.0.1 start: `node ./bin/www`
14 verbose stack Exit status 1
14 verbose stack     at EventEmitter.<anonymous> (/Users/kelvin/.nvm/versions/node/v6.9.0/lib/node_modules/npm/lib/utils/lifecycle.js:255:16)
14 verbose stack     at emitTwo (events.js:106:13)
14 verbose stack     at EventEmitter.emit (events.js:191:7)
14 verbose stack     at ChildProcess.<anonymous> (/Users/kelvin/.nvm/versions/node/v6.9.0/lib/node_modules/npm/lib/utils/spawn.js:40:14)
14 verbose stack     at emitTwo (events.js:106:13)
14 verbose stack     at ChildProcess.emit (events.js:191:7)
14 verbose stack     at maybeClose (internal/child_process.js:877:16)
14 verbose stack     at Process.ChildProcess._handle.onexit (internal/child_process.js:226:5)
15 verbose pkgid portfolio-and-online-resume@0.0.1
16 verbose cwd /Users/kelvin/Dropbox/Projects/Portfolio and online resume/startbootstrap-freelancer-gh-pages
17 error Darwin 16.7.0
18 error argv "/Users/kelvin/.nvm/versions/node/v6.9.0/bin/node" "/Users/kelvin/.nvm/versions/node/v6.9.0/bin/npm" "start"
19 error node v6.9.0
20 error npm  v3.10.8
21 error code ELIFECYCLE
22 error portfolio-and-online-resume@0.0.1 start: `node ./bin/www`
22 error Exit status 1
23 error Failed at the portfolio-and-online-resume@0.0.1 start script 'node ./bin/www'.
23 error Make sure you have the latest version of node.js and npm installed.
23 error If you do, this is most likely a problem with the portfolio-and-online-resume package,
23 error not with npm itself.
23 error Tell the author that this fails on your system:
23 error     node ./bin/www
23 error You can get information on how to open an issue for this project with:
23 error     npm bugs portfolio-and-online-resume
23 error Or if that isn't available, you can get their info via:
23 error     npm owner ls portfolio-and-online-resume
23 error There is likely additional logging output above.
24 verbose exit [ 1, true ]
